<?xml version="1.0" encoding="UTF-8"?>
<!-- Generated by org.testng.reporters.JUnitReportReporter -->
<testsuite hostname="DESKTOP-91HLLFP" failures="0" tests="1" name="testcases.VerifyLoginTest" time="7.530" errors="0" timestamp="2024-11-11T16:34:56 IST" skipped="0">
  <testcase classname="testcases.VerifyLoginTest" name="verify_login" time="7.530"/>
</testsuite> <!-- testcases.VerifyLoginTest -->
